GET - /api/posts - Sat, 30 Sep 2023 08:45:41 GMT - 2.198 ms
GET - /api/post/undefined - Sat, 30 Sep 2023 08:45:43 GMT - 0.623 ms
GET - /api/posts - Sat, 30 Sep 2023 08:45:45 GMT - 0.305 ms
GET - /api/post/undefined - Sat, 30 Sep 2023 08:45:46 GMT - 0.456 ms
GET - /api/posts - Sat, 30 Sep 2023 08:45:51 GMT - 0.251 ms
GET - /api/post/undefined - Sat, 30 Sep 2023 08:45:52 GMT - 0.256 ms
GET - /api/posts - Sat, 30 Sep 2023 08:45:54 GMT - 0.306 ms
GET - /api/post/undefined - Sat, 30 Sep 2023 08:45:54 GMT - 0.391 ms
GET - /api/posts - Sat, 30 Sep 2023 08:45:55 GMT - 0.327 ms
GET - /api/post/undefined - Sat, 30 Sep 2023 08:45:56 GMT - 0.437 ms
GET - /api/posts - Sat, 30 Sep 2023 08:46:12 GMT - 0.546 ms
GET - /api/posts - Sat, 30 Sep 2023 08:46:15 GMT - 0.248 ms
GET - /api/posts - Sat, 30 Sep 2023 08:48:35 GMT - 1.102 ms
GET - /api/posts - Sat, 30 Sep 2023 08:48:40 GMT - 0.275 ms
GET - /api/post/undefined - Sat, 30 Sep 2023 08:48:43 GMT - 0.531 ms
GET - /api/posts - Sat, 30 Sep 2023 08:48:44 GMT - 0.248 ms
GET - /api/posts - Sat, 30 Sep 2023 08:50:20 GMT - 1.581 ms
GET - /api/post/undefined - Sat, 30 Sep 2023 08:50:24 GMT - 1.347 ms
GET - /api/posts - Sat, 30 Sep 2023 08:50:27 GMT - 0.309 ms
GET - /api/post/undefined - Sat, 30 Sep 2023 08:50:27 GMT - 0.571 ms
GET - /api/posts - Sat, 30 Sep 2023 08:50:28 GMT - 0.283 ms
GET - /api/post/undefined - Sat, 30 Sep 2023 08:50:29 GMT - 0.258 ms
GET - /api/posts - Sat, 30 Sep 2023 08:50:30 GMT - 0.243 ms
GET - /api/posts - Sat, 30 Sep 2023 08:51:25 GMT - 1.852 ms
GET - /api/post/1 - Sat, 30 Sep 2023 08:51:27 GMT - 0.735 ms
GET - /api/posts - Sat, 30 Sep 2023 08:51:28 GMT - 0.281 ms
GET - /api/post/2 - Sat, 30 Sep 2023 08:51:29 GMT - 0.339 ms
GET - /api/posts - Sat, 30 Sep 2023 08:51:30 GMT - 0.268 ms
GET - /signup - Sat, 30 Sep 2023 09:16:08 GMT - 2.100 ms
GET - /signup - Sat, 30 Sep 2023 09:17:46 GMT - 333.816 ms
GET - /api/posts - Sat, 30 Sep 2023 09:17:48 GMT - 1.592 ms
GET - /admin/signup - Sat, 30 Sep 2023 09:17:56 GMT - 647.770 ms
GET - /assets/js/main.signup.js - Sat, 30 Sep 2023 09:17:56 GMT - 20.621 ms
GET - /admin/signup - Sat, 30 Sep 2023 09:21:00 GMT - 107.524 ms
GET - /assets/js/main.signup.js - Sat, 30 Sep 2023 09:21:00 GMT - 18.857 ms
GET - /admin/signup - Sat, 30 Sep 2023 09:21:01 GMT - 10.498 ms
GET - /assets/js/main.signup.js - Sat, 30 Sep 2023 09:21:01 GMT - 0.593 ms
GET - /admin/signup - Sat, 30 Sep 2023 09:22:00 GMT - 13.031 ms
GET - /assets/js/main.signup.js - Sat, 30 Sep 2023 09:22:00 GMT - 1.646 ms
POST - /admin/signup - Sat, 30 Sep 2023 09:22:42 GMT - 154.776 ms
GET - /admin/login - Sat, 30 Sep 2023 09:22:42 GMT - 19.885 ms
GET - /api/posts - Tue, 11 Jun 2024 12:27:13 GMT - 1.761 ms
GET - /api/posts - Tue, 11 Jun 2024 12:27:34 GMT - 1.118 ms
GET - /admin/sigup - Tue, 11 Jun 2024 12:31:32 GMT - 2.100 ms
GET - /admin/signup - Tue, 11 Jun 2024 12:31:51 GMT - 99.980 ms
GET - /assets/js/main.signup.js - Tue, 11 Jun 2024 12:31:51 GMT - 0.645 ms
POST - /admin/signup - Tue, 11 Jun 2024 12:43:38 GMT - 149.659 ms
GET - /admin/login - Tue, 11 Jun 2024 12:43:38 GMT - 8.031 ms
POST - /admin/login - Tue, 11 Jun 2024 12:46:04 GMT - 0.932 ms
GET - /admin/login - Tue, 11 Jun 2024 12:46:04 GMT - 13.462 ms
POST - /admin/login - Tue, 11 Jun 2024 12:46:15 GMT - 0.371 ms
GET - /admin/login - Tue, 11 Jun 2024 12:46:15 GMT - 13.089 ms
POST - /admin/login - Tue, 11 Jun 2024 12:46:29 GMT - 0.446 ms
GET - /admin/login - Tue, 11 Jun 2024 12:46:29 GMT - 10.792 ms
POST - /admin/login - Tue, 11 Jun 2024 12:46:36 GMT - 0.553 ms
GET - /admin/login - Tue, 11 Jun 2024 12:46:36 GMT - 9.812 ms
GET - /admin/login - Tue, 11 Jun 2024 12:52:04 GMT - 94.188 ms
GET - /admin/login - Tue, 11 Jun 2024 12:52:05 GMT - 16.247 ms
GET - /admin/login - Tue, 11 Jun 2024 12:52:08 GMT - 10.991 ms
GET - /admin/signup - Tue, 11 Jun 2024 12:56:24 GMT - 92.288 ms
GET - /assets/js/main.signup.js - Tue, 11 Jun 2024 12:56:24 GMT - 0.758 ms
GET - /admin/signup - Thu, 13 Jun 2024 11:45:01 GMT - 97.570 ms
GET - /assets/js/main.signup.js - Thu, 13 Jun 2024 11:45:01 GMT - 1.162 ms
GET - /admin/login - Thu, 13 Jun 2024 11:45:12 GMT - 15.041 ms
POST - /admin/login - Thu, 13 Jun 2024 11:45:21 GMT - 225.821 ms
GET - /admin/dashboard - Thu, 13 Jun 2024 11:45:21 GMT - 17.914 ms
GET - /admin/logout - Thu, 13 Jun 2024 11:45:34 GMT - 1.350 ms
GET - /admin/login - Thu, 13 Jun 2024 11:45:34 GMT - 11.290 ms
POST - /admin/login - Thu, 13 Jun 2024 11:45:39 GMT - 62.586 ms
GET - /admin/login - Thu, 13 Jun 2024 11:45:39 GMT - 12.858 ms
POST - /admin/login - Thu, 13 Jun 2024 11:45:48 GMT - 143.778 ms
GET - /admin/login - Thu, 13 Jun 2024 11:45:48 GMT - 2.731 ms
POST - /admin/login - Thu, 13 Jun 2024 11:45:56 GMT - 209.272 ms
GET - /admin/dashboard - Thu, 13 Jun 2024 11:45:56 GMT - 9.569 ms
GET - /admin/dashboard - Thu, 13 Jun 2024 11:49:08 GMT - 17.845 ms
GET - /admin/dashboard - Thu, 13 Jun 2024 11:53:08 GMT - 3.700 ms
GET - /admin/login - Thu, 13 Jun 2024 11:53:08 GMT - 88.598 ms
POST - /admin/login - Thu, 13 Jun 2024 11:53:15 GMT - 189.219 ms
GET - /admin/dashboard - Thu, 13 Jun 2024 11:53:15 GMT - 17.523 ms
GET - /admin/logout - Thu, 13 Jun 2024 11:54:50 GMT - 4.218 ms
GET - /admin/login - Thu, 13 Jun 2024 11:54:50 GMT - 88.792 ms
POST - /admin/login - Thu, 13 Jun 2024 11:54:56 GMT - 79.852 ms
GET - /admin/login - Thu, 13 Jun 2024 11:54:56 GMT - 10.945 ms
POST - /admin/login - Thu, 13 Jun 2024 11:55:08 GMT - 205.606 ms
GET - /admin/dashboard - Thu, 13 Jun 2024 11:55:08 GMT - 17.397 ms
GET - /admin/dashboard - Thu, 13 Jun 2024 12:02:41 GMT - 3.720 ms
GET - /admin/login - Thu, 13 Jun 2024 12:02:41 GMT - 87.947 ms
POST - /admin/login - Thu, 13 Jun 2024 12:02:47 GMT - 220.283 ms
GET - /admin/dashboard - Thu, 13 Jun 2024 12:02:47 GMT - 20.149 ms
GET - /admin/dashboard - Thu, 13 Jun 2024 12:13:48 GMT - 3.909 ms
GET - /admin/login - Thu, 13 Jun 2024 12:13:48 GMT - 91.256 ms
POST - /admin/login - Thu, 13 Jun 2024 12:13:56 GMT - 206.963 ms
GET - /admin/dashboard - Thu, 13 Jun 2024 12:13:56 GMT - 17.230 ms
GET - /admin/dashboard - Thu, 13 Jun 2024 12:19:42 GMT - 3.216 ms
GET - /admin/login - Thu, 13 Jun 2024 12:19:42 GMT - 87.759 ms
POST - /admin/login - Thu, 13 Jun 2024 12:19:47 GMT - 216.809 ms
GET - /admin/dashboard - Thu, 13 Jun 2024 12:19:47 GMT - 16.601 ms
GET - /admin/dashboard - Thu, 13 Jun 2024 12:24:46 GMT - 3.182 ms
GET - /admin/login - Thu, 13 Jun 2024 12:24:46 GMT - 88.981 ms
POST - /admin/login - Thu, 13 Jun 2024 12:24:51 GMT - 217.761 ms
GET - /admin/dashboard - Thu, 13 Jun 2024 12:24:51 GMT - 18.073 ms
GET - /admin/dashboard - Thu, 13 Jun 2024 12:27:54 GMT - 5.224 ms
GET - /admin/login - Thu, 13 Jun 2024 12:27:55 GMT - 90.967 ms
POST - /admin/login - Thu, 13 Jun 2024 12:27:59 GMT - 209.870 ms
GET - /admin/dashboard - Thu, 13 Jun 2024 12:27:59 GMT - 4.692 ms
GET - /admin/dashboard - Thu, 13 Jun 2024 12:28:09 GMT - 32.250 ms
GET - /admin/dashboard - Thu, 13 Jun 2024 12:28:12 GMT - 21.986 ms
GET - /admin/dashboard - Thu, 13 Jun 2024 12:28:26 GMT - 20.253 ms
GET - /admin/dashboard - Thu, 13 Jun 2024 12:28:27 GMT - 17.068 ms
GET - /admin/dashboard - Thu, 13 Jun 2024 12:28:54 GMT - 3.825 ms
GET - /admin/login - Thu, 13 Jun 2024 12:28:54 GMT - 82.642 ms
GET - /admin/login - Thu, 13 Jun 2024 12:28:54 GMT - 7.202 ms
POST - /admin/login - Thu, 13 Jun 2024 12:29:00 GMT - 214.849 ms
GET - /admin/dashboard - Thu, 13 Jun 2024 12:29:00 GMT - 15.432 ms
GET - /admin/dashboard - Thu, 13 Jun 2024 12:30:45 GMT - 3.658 ms
GET - /admin/login - Thu, 13 Jun 2024 12:30:45 GMT - 85.814 ms
POST - /admin/login - Thu, 13 Jun 2024 12:30:50 GMT - 216.912 ms
GET - /admin/dashboard - Thu, 13 Jun 2024 12:30:50 GMT - 18.133 ms
GET - /admin/dashboard - Thu, 13 Jun 2024 12:31:58 GMT - 4.427 ms
GET - /admin/login - Thu, 13 Jun 2024 12:31:58 GMT - 86.607 ms
POST - /admin/login - Thu, 13 Jun 2024 12:32:03 GMT - 198.760 ms
GET - /admin/dashboard - Thu, 13 Jun 2024 12:32:03 GMT - 19.804 ms
GET - /admin/dashboard - Thu, 13 Jun 2024 12:32:23 GMT - 3.335 ms
GET - /admin/login - Thu, 13 Jun 2024 12:32:23 GMT - 85.030 ms
POST - /admin/login - Thu, 13 Jun 2024 12:32:32 GMT - 215.367 ms
GET - /admin/dashboard - Thu, 13 Jun 2024 12:32:32 GMT - 19.080 ms
GET - /admin/dashboard - Thu, 13 Jun 2024 12:35:25 GMT - 4.392 ms
GET - /admin/login - Thu, 13 Jun 2024 12:35:25 GMT - 83.181 ms
POST - /admin/login - Thu, 13 Jun 2024 12:35:30 GMT - 206.812 ms
GET - /admin/dashboard - Thu, 13 Jun 2024 12:35:30 GMT - 16.899 ms
GET - /admin/dashboard - Thu, 13 Jun 2024 12:38:57 GMT - 4.509 ms
GET - /admin/login - Thu, 13 Jun 2024 12:38:57 GMT - 87.832 ms
POST - /admin/login - Thu, 13 Jun 2024 12:39:01 GMT - 220.894 ms
GET - /admin/dashboard - Thu, 13 Jun 2024 12:39:01 GMT - 17.294 ms
GET - /admin/dashboard - Thu, 13 Jun 2024 12:40:14 GMT - 27.131 ms
GET - /admin/logout - Thu, 13 Jun 2024 12:40:15 GMT - 0.760 ms
GET - /admin/login - Thu, 13 Jun 2024 12:40:15 GMT - 10.653 ms
POST - /admin/login - Thu, 13 Jun 2024 12:40:22 GMT - 204.461 ms
GET - /admin/dashboard - Thu, 13 Jun 2024 12:40:22 GMT - 9.298 ms
GET - /admin/logout - Thu, 13 Jun 2024 12:41:13 GMT - 0.456 ms
GET - /admin/login - Thu, 13 Jun 2024 12:41:13 GMT - 10.834 ms
POST - /admin/login - Thu, 13 Jun 2024 12:41:17 GMT - 211.456 ms
GET - /admin/dashboard - Thu, 13 Jun 2024 12:41:17 GMT - 9.296 ms
GET - /admin/dashboard - Thu, 13 Jun 2024 12:42:43 GMT - 3.407 ms
GET - /admin/login - Thu, 13 Jun 2024 12:42:43 GMT - 77.382 ms
POST - /admin/login - Thu, 13 Jun 2024 12:42:48 GMT - 210.755 ms
GET - /admin/dashboard - Thu, 13 Jun 2024 12:42:48 GMT - 19.148 ms
GET - /admin/dashboard - Thu, 13 Jun 2024 12:42:54 GMT - 27.430 ms
GET - /admin/dashboard - Thu, 13 Jun 2024 12:44:13 GMT - 4.168 ms
GET - /admin/login - Thu, 13 Jun 2024 12:44:13 GMT - 85.561 ms
POST - /admin/login - Thu, 13 Jun 2024 12:44:33 GMT - 211.222 ms
GET - /admin/dashboard - Thu, 13 Jun 2024 12:44:33 GMT - 18.162 ms
GET - /admin/dashboard - Thu, 13 Jun 2024 12:44:56 GMT - 24.208 ms
GET - /admin/dashboard - Thu, 13 Jun 2024 12:45:04 GMT - 20.622 ms
GET - /admin/dashboard - Thu, 13 Jun 2024 12:45:27 GMT - 20.564 ms
GET - /admin/dashboard - Thu, 13 Jun 2024 12:48:55 GMT - 4.037 ms
GET - /admin/login - Thu, 13 Jun 2024 12:48:55 GMT - 87.971 ms
POST - /admin/login - Thu, 13 Jun 2024 12:48:59 GMT - 212.117 ms
GET - /admin/dashboard - Thu, 13 Jun 2024 12:48:59 GMT - 17.941 ms
GET - /admin/dashboard - Thu, 13 Jun 2024 12:49:15 GMT - 25.417 ms
GET - /admin/dashboard - Thu, 13 Jun 2024 13:02:37 GMT - 4.009 ms
GET - /admin/login - Thu, 13 Jun 2024 13:02:37 GMT - 85.149 ms
POST - /admin/login - Thu, 13 Jun 2024 13:02:41 GMT - 222.085 ms
GET - /admin/dashboard - Thu, 13 Jun 2024 13:02:41 GMT - 18.785 ms
GET - /admin - Thu, 13 Jun 2024 13:46:45 GMT - 3.582 ms
GET - /admin/login - Thu, 13 Jun 2024 13:46:45 GMT - 84.638 ms
GET - /login - Thu, 13 Jun 2024 13:46:50 GMT - 3.086 ms
GET - /api/posts - Thu, 13 Jun 2024 13:47:03 GMT - 1.023 ms
GET - /api/posts - Thu, 13 Jun 2024 13:47:08 GMT - 0.987 ms
GET - /api/posts - Thu, 13 Jun 2024 13:47:09 GMT - 0.385 ms
POST - /api/login - Thu, 13 Jun 2024 13:47:33 GMT - 149.189 ms
POST - /api/login - Thu, 13 Jun 2024 13:47:44 GMT - 205.229 ms
GET - /api/posts - Thu, 13 Jun 2024 13:47:44 GMT - 0.131 ms
GET - /api/posts - Thu, 13 Jun 2024 13:47:51 GMT - 0.508 ms
GET - /api/posts - Thu, 13 Jun 2024 13:47:53 GMT - 0.527 ms
GET - /api/posts - Thu, 13 Jun 2024 13:47:55 GMT - 0.553 ms
GET - /api/posts - Thu, 13 Jun 2024 13:47:57 GMT - 0.704 ms
GET - /api/posts - Thu, 13 Jun 2024 13:47:59 GMT - 0.480 ms
GET - /api/posts - Thu, 13 Jun 2024 13:49:27 GMT - 1.066 ms
GET - /api/posts - Thu, 13 Jun 2024 13:49:30 GMT - 0.309 ms
GET - /api/posts - Thu, 13 Jun 2024 13:49:32 GMT - 0.497 ms
POST - /api/signup - Thu, 13 Jun 2024 13:50:13 GMT - 157.455 ms
GET - /api/posts - Thu, 13 Jun 2024 13:50:13 GMT - 0.208 ms
GET - /add - Thu, 13 Jun 2024 13:56:09 GMT - 1.386 ms
POST - /api/verify - Thu, 13 Jun 2024 13:56:09 GMT - 0.498 ms
POST - /api/login - Thu, 13 Jun 2024 13:56:27 GMT - 216.339 ms
GET - /api/posts - Thu, 13 Jun 2024 13:56:27 GMT - 0.406 ms
POST - /api/verify - Thu, 13 Jun 2024 13:56:30 GMT - 0.393 ms
GET - /api/posts - Thu, 13 Jun 2024 13:56:30 GMT - 0.189 ms
GET - /signin - Sat, 15 Jun 2024 02:26:32 GMT - 3.927 ms
POST - /api/login - Sat, 15 Jun 2024 02:26:41 GMT - 203.226 ms
GET - /api/posts - Sat, 15 Jun 2024 02:26:41 GMT - 1.542 ms
GET - /api/posts - Sat, 15 Jun 2024 02:42:03 GMT - 0.790 ms
POST - /api/login - Sat, 15 Jun 2024 02:42:45 GMT - 194.293 ms
GET - /api/posts - Sat, 15 Jun 2024 02:42:45 GMT - 0.140 ms
POST - /api/verify - Sat, 15 Jun 2024 02:42:56 GMT - - ms
GET - /api/posts - Sat, 15 Jun 2024 02:42:56 GMT - 0.299 ms
POST - /api/login - Sat, 15 Jun 2024 02:43:42 GMT - 183.096 ms
GET - /api/posts - Sat, 15 Jun 2024 02:43:42 GMT - 0.398 ms
GET - /api/posts - Sat, 15 Jun 2024 02:44:00 GMT - 0.500 ms
POST - /api/login - Sat, 15 Jun 2024 02:46:49 GMT - 181.503 ms
GET - /api/posts - Sat, 15 Jun 2024 02:46:49 GMT - 0.376 ms
GET - /api/posts - Sat, 15 Jun 2024 02:46:57 GMT - 0.335 ms
GET - /api/posts - Sat, 15 Jun 2024 02:58:42 GMT - 1.589 ms
POST - /api/login - Sat, 15 Jun 2024 02:58:54 GMT - 184.736 ms
GET - /api/posts - Sat, 15 Jun 2024 02:58:54 GMT - 0.169 ms
GET - /api/posts - Sat, 15 Jun 2024 02:58:57 GMT - 0.201 ms
POST - /api/verify - Sat, 15 Jun 2024 02:58:57 GMT - 52.182 ms
GET - /api/posts - Sat, 15 Jun 2024 02:58:58 GMT - 0.189 ms
POST - /api/verify - Sat, 15 Jun 2024 02:58:58 GMT - 49.753 ms
GET - /api/posts - Sat, 15 Jun 2024 02:58:59 GMT - 0.200 ms
POST - /api/verify - Sat, 15 Jun 2024 02:58:59 GMT - 48.938 ms
GET - /api/posts - Sat, 15 Jun 2024 02:59:00 GMT - 0.566 ms
POST - /api/verify - Sat, 15 Jun 2024 02:59:00 GMT - 48.090 ms
GET - /api/posts - Sat, 15 Jun 2024 02:59:01 GMT - 0.168 ms
POST - /api/verify - Sat, 15 Jun 2024 02:59:01 GMT - 48.423 ms
GET - /api/posts - Sat, 15 Jun 2024 02:59:01 GMT - 0.405 ms
POST - /api/verify - Sat, 15 Jun 2024 02:59:01 GMT - 47.203 ms
GET - /api/posts - Sat, 15 Jun 2024 02:59:02 GMT - 0.209 ms
POST - /api/verify - Sat, 15 Jun 2024 02:59:02 GMT - 47.908 ms
POST - /api/verify - Sat, 15 Jun 2024 04:12:32 GMT - 130.164 ms
GET - /api/posts - Sat, 15 Jun 2024 04:12:32 GMT - - ms
POST - /api/verify - Sat, 15 Jun 2024 04:12:32 GMT - 49.433 ms
GET - /api/posts - Sat, 15 Jun 2024 04:12:33 GMT - - ms
POST - /api/verify - Sat, 15 Jun 2024 04:12:33 GMT - 49.317 ms
GET - /api/posts - Sat, 15 Jun 2024 04:12:33 GMT - 48.961 ms
POST - /api/verify - Sat, 15 Jun 2024 04:12:41 GMT - 50.471 ms
GET - /api/posts - Sat, 15 Jun 2024 04:12:41 GMT - 48.643 ms
GET - /api/posts - Sat, 15 Jun 2024 04:12:45 GMT - 309.345 ms
GET - /api/posts - Sat, 15 Jun 2024 04:12:46 GMT - 50.616 ms
POST - /api/post - Sat, 15 Jun 2024 04:13:11 GMT - 4.124 ms
POST - /api/login - Sat, 15 Jun 2024 04:13:23 GMT - 180.591 ms
GET - /api/posts - Sat, 15 Jun 2024 04:13:23 GMT - 43.716 ms
POST - /api/post - Sat, 15 Jun 2024 04:13:53 GMT - 1.078 ms
POST - /api/login - Sat, 15 Jun 2024 04:14:09 GMT - 177.744 ms
GET - /api/posts - Sat, 15 Jun 2024 04:14:09 GMT - 43.661 ms
POST - /api/verify - Sat, 15 Jun 2024 04:14:12 GMT - 47.456 ms
GET - /api/posts - Sat, 15 Jun 2024 04:14:12 GMT - 53.025 ms
POST - /api/verify - Sat, 15 Jun 2024 04:14:13 GMT - 49.622 ms
GET - /api/posts - Sat, 15 Jun 2024 04:14:13 GMT - 48.137 ms
GET - /add - Sat, 15 Jun 2024 04:15:56 GMT - 4.263 ms
POST - /api/verify - Sat, 15 Jun 2024 04:15:56 GMT - 52.712 ms
GET - /api/posts - Sat, 15 Jun 2024 04:15:56 GMT - 46.277 ms
POST - /api/verify - Sat, 15 Jun 2024 04:15:59 GMT - 48.132 ms
GET - /api/posts - Sat, 15 Jun 2024 04:15:59 GMT - 46.304 ms
POST - /api/post - Sat, 15 Jun 2024 04:16:20 GMT - 66.310 ms
GET - /api/posts - Sat, 15 Jun 2024 04:16:20 GMT - 104.839 ms
DELETE - /api/post/666d1594214bf30036a6ef7d - Sat, 15 Jun 2024 04:16:28 GMT - 56.359 ms
GET - /api/posts - Sat, 15 Jun 2024 04:16:28 GMT - 46.954 ms
POST - /api/post - Sat, 15 Jun 2024 04:16:52 GMT - 53.889 ms
GET - /api/posts - Sat, 15 Jun 2024 04:16:52 GMT - 94.744 ms
POST - /api/verify - Sat, 15 Jun 2024 04:23:56 GMT - 49.345 ms
GET - /api/posts - Sat, 15 Jun 2024 04:23:56 GMT - 93.909 ms
POST - /api/post - Sat, 15 Jun 2024 04:24:19 GMT - 58.913 ms
GET - /api/posts - Sat, 15 Jun 2024 04:24:19 GMT - 93.207 ms
POST - /api/verify - Sat, 15 Jun 2024 04:35:32 GMT - 48.193 ms
GET - /api/posts - Sat, 15 Jun 2024 04:35:32 GMT - 94.630 ms
POST - /api/verify - Sat, 15 Jun 2024 04:35:49 GMT - 52.490 ms
GET - /api/posts - Sat, 15 Jun 2024 04:35:49 GMT - 102.531 ms
GET - /api/posts - Sat, 15 Jun 2024 04:36:17 GMT - 111.830 ms
GET - /api/posts - Sat, 15 Jun 2024 04:36:18 GMT - 97.060 ms
GET - /api/posts - Sat, 15 Jun 2024 04:36:19 GMT - 94.654 ms
GET - /api/posts - Sat, 15 Jun 2024 04:36:21 GMT - 92.235 ms
GET - /api/posts - Sat, 15 Jun 2024 04:36:44 GMT - 104.389 ms
POST - /api/login - Sat, 15 Jun 2024 04:37:01 GMT - 180.033 ms
GET - /api/posts - Sat, 15 Jun 2024 04:37:01 GMT - 88.692 ms
POST - /api/verify - Sat, 15 Jun 2024 04:37:23 GMT - 54.648 ms
GET - /api/posts - Sat, 15 Jun 2024 04:37:23 GMT - 102.517 ms
GET - /api/posts - Sat, 15 Jun 2024 04:37:30 GMT - 96.055 ms
GET - /api/posts - Sat, 15 Jun 2024 04:37:31 GMT - 95.644 ms
GET - /api/posts - Sat, 15 Jun 2024 04:37:40 GMT - 98.495 ms
POST - /api/login - Sat, 15 Jun 2024 04:37:52 GMT - 185.258 ms
GET - /api/posts - Sat, 15 Jun 2024 04:37:52 GMT - 95.025 ms
GET - /api/posts - Sat, 15 Jun 2024 04:37:57 GMT - 97.753 ms
POST - /api/verify - Sat, 15 Jun 2024 04:38:03 GMT - 52.319 ms
GET - /api/posts - Sat, 15 Jun 2024 04:38:03 GMT - 93.589 ms
GET - /api/posts - Sat, 15 Jun 2024 04:38:11 GMT - 97.630 ms
GET - /api/posts - Sat, 15 Jun 2024 04:38:13 GMT - 94.730 ms
GET - /api/posts - Sat, 15 Jun 2024 04:38:51 GMT - 110.492 ms
GET - /api/posts - Sat, 15 Jun 2024 04:38:51 GMT - 98.018 ms
GET - /api/posts - Sat, 15 Jun 2024 04:38:52 GMT - 98.117 ms
POST - /api/login - Sat, 15 Jun 2024 04:39:01 GMT - 180.532 ms
GET - /api/posts - Sat, 15 Jun 2024 04:39:01 GMT - 96.017 ms
POST - /api/verify - Sat, 15 Jun 2024 04:39:06 GMT - 50.126 ms
GET - /api/posts - Sat, 15 Jun 2024 04:39:06 GMT - 102.472 ms
POST - /api/verify - Sat, 15 Jun 2024 04:39:06 GMT - 49.058 ms
GET - /api/posts - Sat, 15 Jun 2024 04:39:06 GMT - 97.117 ms
POST - /api/verify - Sat, 15 Jun 2024 04:39:07 GMT - 48.947 ms
GET - /api/posts - Sat, 15 Jun 2024 04:39:07 GMT - 141.040 ms
POST - /api/verify - Sat, 15 Jun 2024 04:39:08 GMT - 49.369 ms
GET - /api/posts - Sat, 15 Jun 2024 04:39:08 GMT - 95.131 ms
GET - /api/posts - Sat, 15 Jun 2024 04:39:12 GMT - 94.905 ms
GET - /api/posts - Sat, 15 Jun 2024 04:39:13 GMT - 99.632 ms
GET - /api/posts - Sat, 15 Jun 2024 04:39:44 GMT - 103.735 ms
GET - /api/posts - Sat, 15 Jun 2024 04:39:44 GMT - 102.925 ms
GET - /api/posts - Thu, 20 Jun 2024 13:11:48 GMT - 143.577 ms
GET - /api/posts - Thu, 20 Jun 2024 13:11:49 GMT - 0.847 ms
POST - /api/login - Thu, 20 Jun 2024 13:11:59 GMT - 188.970 ms
GET - /api/posts - Thu, 20 Jun 2024 13:11:59 GMT - 2.976 ms
POST - /api/post - Thu, 20 Jun 2024 13:13:56 GMT - 118.549 ms
GET - /api/posts - Thu, 20 Jun 2024 13:13:56 GMT - 92.398 ms
GET - /signin - Sat, 22 Jun 2024 03:51:34 GMT - 5.168 ms
GET - /api/posts - Sat, 22 Jun 2024 03:51:38 GMT - 123.779 ms
POST - /api/login - Sat, 22 Jun 2024 03:52:41 GMT - 189.456 ms
GET - /api/posts - Sat, 22 Jun 2024 03:52:41 GMT - 2.130 ms
POST - /api/post - Sat, 22 Jun 2024 03:56:48 GMT - 153.440 ms
GET - /api/posts - Sat, 22 Jun 2024 03:56:48 GMT - 114.559 ms
DELETE - /api/post/66764b8072cd611fbdb7954b - Sat, 22 Jun 2024 03:58:30 GMT - 121.160 ms
GET - /api/posts - Sat, 22 Jun 2024 03:58:31 GMT - 112.102 ms
GET - /api/posts - Sat, 22 Jun 2024 04:00:02 GMT - 1.194 ms
GET - /api/posts - Sat, 22 Jun 2024 04:00:02 GMT - 1.496 ms
POST - /api/login - Sat, 22 Jun 2024 04:02:27 GMT - 208.482 ms
GET - /api/posts - Sat, 22 Jun 2024 04:02:27 GMT - 1.087 ms
GET - /api/posts - Sat, 22 Jun 2024 04:11:54 GMT - 1.708 ms
POST - /api/verify - Sat, 22 Jun 2024 04:11:54 GMT - 68.430 ms
GET - /api/posts - Sat, 22 Jun 2024 04:11:55 GMT - 1.137 ms
POST - /api/verify - Sat, 22 Jun 2024 04:11:55 GMT - 61.234 ms
GET - /api/posts - Sat, 22 Jun 2024 04:28:56 GMT - 1.719 ms
POST - /api/verify - Sat, 22 Jun 2024 04:28:56 GMT - 71.551 ms
GET - /api/posts - Sat, 22 Jun 2024 04:29:00 GMT - 1.795 ms
GET - /api/posts - Sat, 22 Jun 2024 04:29:01 GMT - 1.803 ms
GET - /api/posts - Sat, 22 Jun 2024 04:29:02 GMT - 1.197 ms
POST - /api/login - Sat, 22 Jun 2024 04:29:15 GMT - 220.520 ms
GET - /api/posts - Sat, 22 Jun 2024 04:29:15 GMT - 0.897 ms
GET - /admin/login - Sat, 22 Jun 2024 04:33:04 GMT - 102.108 ms
GET - /admin - Sat, 22 Jun 2024 04:33:09 GMT - 2.581 ms
GET - /admin/login - Sat, 22 Jun 2024 04:33:09 GMT - 13.384 ms
GET - /login - Sat, 22 Jun 2024 04:33:12 GMT - 1.642 ms
POST - /api/login - Sat, 22 Jun 2024 04:34:04 GMT - 211.975 ms
GET - /api/posts - Sat, 22 Jun 2024 04:34:04 GMT - 1.078 ms
GET - /admin/login - Sat, 22 Jun 2024 04:35:13 GMT - 14.008 ms
GET - /login - Sat, 22 Jun 2024 04:35:37 GMT - 0.798 ms
POST - /api/login - Sat, 22 Jun 2024 04:35:51 GMT - 203.290 ms
GET - /api/posts - Sat, 22 Jun 2024 04:35:51 GMT - 1.334 ms
